<?xml version="1.0" encoding="UTF-8"?>
<!-- Generated by org.testng.reporters.JUnitReportReporter -->
<testsuite hostname="DESKTOP-79FQPHF" failures="0" tests="1" name="Tests.TestHomepageUIelements" time="1.072" errors="0" timestamp="2025-08-10T22:28:07 IST" skipped="0">
  <testcase classname="Tests.TestHomepageUIelements" name="testHomepageUIelements" time="1.072"/>
</testsuite> <!-- Tests.TestHomepageUIelements -->
