<?xml version="1.0" encoding="UTF-8"?>
<!-- Generated by org.testng.reporters.JUnitReportReporter -->
<testsuite hostname="DESKTOP-79FQPHF" failures="0" tests="1" name="Tests.TestinvalidLogin" time="3.108" errors="0" timestamp="2025-08-04T12:34:33 IST" skipped="0">
  <testcase classname="Tests.TestinvalidLogin" name="testinValidLogin" time="3.108"/>
</testsuite> <!-- Tests.TestinvalidLogin -->
