<?xml version="1.0" encoding="UTF-8"?>
<!-- Generated by org.testng.reporters.JUnitReportReporter -->
<testsuite hostname="DESKTOP-79FQPHF" failures="0" tests="1" name="Tests.TestBookAppointment" time="9.570" errors="0" timestamp="2025-08-04T12:08:54 IST" skipped="0">
  <testcase classname="Tests.TestBookAppointment" name="testBookAppointment" time="9.570"/>
</testsuite> <!-- Tests.TestBookAppointment -->
