<?xml version="1.0" encoding="UTF-8"?>
<!-- Generated by org.testng.reporters.JUnitReportReporter -->
<testsuite hostname="DESKTOP-79FQPHF" failures="0" tests="1" name="Tests.TestvalidLogin" time="4.365" errors="0" timestamp="2025-08-04T15:24:45 IST" skipped="0">
  <testcase classname="Tests.TestvalidLogin" name="testValidLogin" time="4.365"/>
</testsuite> <!-- Tests.TestvalidLogin -->
