<?xml version="1.0" encoding="UTF-8"?>
<!-- Generated by org.testng.reporters.JUnitReportReporter -->
<testsuite hostname="DESKTOP-79FQPHF" failures="0" tests="1" name="Tests.TestVerifyFacilityDropdown" time="3.114" errors="0" timestamp="2025-08-10T22:53:42 IST" skipped="0">
  <testcase classname="Tests.TestVerifyFacilityDropdown" name="testVerifyFacilityOptionDDM" time="3.114"/>
</testsuite> <!-- Tests.TestVerifyFacilityDropdown -->
